[01m[K/home/ros2/simu_ws/src/simubot_decision/src/decision_engine.cpp:3:10:[m[K [01;31m[Kfatal error: [m[Kcustom_msgs/msg/detected_object_array.hpp: No such file or directory
    3 | #include [01;31m[K<custom_msgs/msg/detected_object_array.hpp>[m[K
      |          [01;31m[K^~~~~~~~~~~~~~~~~~~~~~~~~~~~~~~~~~~~~~~~~~~[m[K
compilation terminated.
gmake[2]: *** [CMakeFiles/decision_engine.dir/build.make:76: CMakeFiles/decision_engine.dir/src/decision_engine.cpp.o] Error 1
gmake[1]: *** [CMakeFiles/Makefile2:137: CMakeFiles/decision_engine.dir/all] Error 2
gmake: *** [Makefile:146: all] Error 2
